# JRE version: Java(TM) SE Runtime Environment (8.0_144-b01) (build 1.8.0_144-b01)
# Java VM: Java HotSpot(TM) 64-Bit Server VM (25.144-b01 mixed mode windows-amd64 compressed oops)
Heap:
 par new generation   total 153344K, used 39179K [0x00000006c0000000, 0x00000006ca660000, 0x00000006ca660000)
  eden space 136320K,  21% used [0x00000006c0000000, 0x00000006c1c015b8, 0x00000006c8520000)
  from space 17024K,  61% used [0x00000006c95c0000, 0x00000006ca0018d8, 0x00000006ca660000)
  to   space 17024K,   0% used [0x00000006c8520000, 0x00000006c8520000, 0x00000006c95c0000)
 concurrent mark-sweep generation total 1466088K, used 1294984K [0x00000006ca660000, 0x0000000723e1a000, 0x00000007c0000000)
 Metaspace       used 108301K, capacity 111089K, committed 111488K, reserved 1144832K
  class space    used 15429K, capacity 16129K, committed 16256K, reserved 1048576K
GC Heap History (10 events):
Event: 260.903 GC heap before
{Heap before GC invocations=262 (full 13):
 par new generation   total 153344K, used 143428K [0x00000006c0000000, 0x00000006ca660000, 0x00000006ca660000)
  eden space 136320K, 100% used [0x00000006c0000000, 0x00000006c8520000, 0x00000006c8520000)
  from space 17024K,  41% used [0x00000006c8520000, 0x00000006c8c113f8, 0x00000006c95c0000)
  to   space 17024K,   0% used [0x00000006c95c0000, 0x00000006c95c0000, 0x00000006ca660000)
 concurrent mark-sweep generation total 1466088K, used 1291164K [0x00000006ca660000, 0x0000000723e1a000, 0x00000007c0000000)
 Metaspace       used 108115K, capacity 110909K, committed 111104K, reserved 1144832K
  class space    used 15401K, capacity 16093K, committed 16128K, reserved 1048576K
Event: 260.913 GC heap after
Heap after GC invocations=263 (full 13):
 par new generation   total 153344K, used 7257K [0x00000006c0000000, 0x00000006ca660000, 0x00000006ca660000)
  eden space 136320K,   0% used [0x00000006c0000000, 0x00000006c0000000, 0x00000006c8520000)
  from space 17024K,  42% used [0x00000006c95c0000, 0x00000006c9cd6478, 0x00000006ca660000)
  to   space 17024K,   0% used [0x00000006c8520000, 0x00000006c8520000, 0x00000006c95c0000)
 concurrent mark-sweep generation total 1466088K, used 1291772K [0x00000006ca660000, 0x0000000723e1a000, 0x00000007c0000000)
 Metaspace       used 108115K, capacity 110909K, committed 111104K, reserved 1144832K
  class space    used 15401K, capacity 16093K, committed 16128K, reserved 1048576K
}
Event: 261.050 GC heap before
{Heap before GC invocations=263 (full 13):
 par new generation   total 153344K, used 143577K [0x00000006c0000000, 0x00000006ca660000, 0x00000006ca660000)
  eden space 136320K, 100% used [0x00000006c0000000, 0x00000006c8520000, 0x00000006c8520000)
  from space 17024K,  42% used [0x00000006c95c0000, 0x00000006c9cd6478, 0x00000006ca660000)
  to   space 17024K,   0% used [0x00000006c8520000, 0x00000006c8520000, 0x00000006c95c0000)
 concurrent mark-sweep generation total 1466088K, used 1291772K [0x00000006ca660000, 0x0000000723e1a000, 0x00000007c0000000)
 Metaspace       used 108116K, capacity 110909K, committed 111104K, reserved 1144832K
  class space    used 15401K, capacity 16093K, committed 16128K, reserved 1048576K
Event: 261.059 GC heap after
Heap after GC invocations=264 (full 13):
 par new generation   total 153344K, used 8448K [0x00000006c0000000, 0x00000006ca660000, 0x00000006ca660000)
  eden space 136320K,   0% used [0x00000006c0000000, 0x00000006c0000000, 0x00000006c8520000)
  from space 17024K,  49% used [0x00000006c8520000, 0x00000006c8d60108, 0x00000006c95c0000)
  to   space 17024K,   0% used [0x00000006c95c0000, 0x00000006c95c0000, 0x00000006ca660000)
 concurrent mark-sweep generation total 1466088K, used 1292020K [0x00000006ca660000, 0x0000000723e1a000, 0x00000007c0000000)
 Metaspace       used 108116K, capacity 110909K, committed 111104K, reserved 1144832K
  class space    used 15401K, capacity 16093K, committed 16128K, reserved 1048576K
}
Event: 261.207 GC heap before
{Heap before GC invocations=264 (full 13):
 par new generation   total 153344K, used 144768K [0x00000006c0000000, 0x00000006ca660000, 0x00000006ca660000)
  eden space 136320K, 100% used [0x00000006c0000000, 0x00000006c8520000, 0x00000006c8520000)
  from space 17024K,  49% used [0x00000006c8520000, 0x00000006c8d60108, 0x00000006c95c0000)
  to   space 17024K,   0% used [0x00000006c95c0000, 0x00000006c95c0000, 0x00000006ca660000)
 concurrent mark-sweep generation total 1466088K, used 1292020K [0x00000006ca660000, 0x0000000723e1a000, 0x00000007c0000000)
 Metaspace       used 108116K, capacity 110909K, committed 111104K, reserved 1144832K
  class space    used 15401K, capacity 16093K, committed 16128K, reserved 1048576K
Event: 261.217 GC heap after
Heap after GC invocations=265 (full 13):
 par new generation   total 153344K, used 9491K [0x00000006c0000000, 0x00000006ca660000, 0x00000006ca660000)
  eden space 136320K,   0% used [0x00000006c0000000, 0x00000006c0000000, 0x00000006c8520000)
  from space 17024K,  55% used [0x00000006c95c0000, 0x00000006c9f04d48, 0x00000006ca660000)
  to   space 17024K,   0% used [0x00000006c8520000, 0x00000006c8520000, 0x00000006c95c0000)
 concurrent mark-sweep generation total 1466088K, used 1292493K [0x00000006ca660000, 0x0000000723e1a000, 0x00000007c0000000)
 Metaspace       used 108116K, capacity 110909K, committed 111104K, reserved 1144832K
  class space    used 15401K, capacity 16093K, committed 16128K, reserved 1048576K
}
Event: 261.379 GC heap before
{Heap before GC invocations=265 (full 13):
 par new generation   total 153344K, used 145811K [0x00000006c0000000, 0x00000006ca660000, 0x00000006ca660000)
  eden space 136320K, 100% used [0x00000006c0000000, 0x00000006c8520000, 0x00000006c8520000)
  from space 17024K,  55% used [0x00000006c95c0000, 0x00000006c9f04d48, 0x00000006ca660000)
  to   space 17024K,   0% used [0x00000006c8520000, 0x00000006c8520000, 0x00000006c95c0000)
 concurrent mark-sweep generation total 1466088K, used 1292493K [0x00000006ca660000, 0x0000000723e1a000, 0x00000007c0000000)
 Metaspace       used 108126K, capacity 110973K, committed 111104K, reserved 1144832K
  class space    used 15401K, capacity 16093K, committed 16128K, reserved 1048576K
Event: 261.389 GC heap after
Heap after GC invocations=266 (full 13):
 par new generation   total 153344K, used 10335K [0x00000006c0000000, 0x00000006ca660000, 0x00000006ca660000)
  eden space 136320K,   0% used [0x00000006c0000000, 0x00000006c0000000, 0x00000006c8520000)
  from space 17024K,  60% used [0x00000006c8520000, 0x00000006c8f37f18, 0x00000006c95c0000)
  to   space 17024K,   0% used [0x00000006c95c0000, 0x00000006c95c0000, 0x00000006ca660000)
 concurrent mark-sweep generation total 1466088K, used 1293662K [0x00000006ca660000, 0x0000000723e1a000, 0x00000007c0000000)
 Metaspace       used 108126K, capacity 110973K, committed 111104K, reserved 1144832K
  class space    used 15401K, capacity 16093K, committed 16128K, reserved 1048576K
}
Event: 261.565 GC heap before
{Heap before GC invocations=266 (full 13):
 par new generation   total 153344K, used 146655K [0x00000006c0000000, 0x00000006ca660000, 0x00000006ca660000)
  eden space 136320K, 100% used [0x00000006c0000000, 0x00000006c8520000, 0x00000006c8520000)
  from space 17024K,  60% used [0x00000006c8520000, 0x00000006c8f37f18, 0x00000006c95c0000)
  to   space 17024K,   0% used [0x00000006c95c0000, 0x00000006c95c0000, 0x00000006ca660000)
 concurrent mark-sweep generation total 1466088K, used 1293662K [0x00000006ca660000, 0x0000000723e1a000, 0x00000007c0000000)
 Metaspace       used 108244K, capacity 111089K, committed 111488K, reserved 1144832K
  class space    used 15424K, capacity 16129K, committed 16256K, reserved 1048576K
Event: 261.574 GC heap after
Heap after GC invocations=267 (full 13):
 par new generation   total 153344K, used 10502K [0x00000006c0000000, 0x00000006ca660000, 0x00000006ca660000)
  eden space 136320K,   0% used [0x00000006c0000000, 0x00000006c0000000, 0x00000006c8520000)
  from space 17024K,  61% used [0x00000006c95c0000, 0x00000006ca0018d8, 0x00000006ca660000)
  to   space 17024K,   0% used [0x00000006c8520000, 0x00000006c8520000, 0x00000006c95c0000)
 concurrent mark-sweep generation total 1466088K, used 1294984K [0x00000006ca660000, 0x0000000723e1a000, 0x00000007c0000000)
 Metaspace       used 108244K, capacity 111089K, committed 111488K, reserved 1144832K
  class space    used 15424K, capacity 16129K, committed 16256K, reserved 1048576K
}

